snapnow-mobile-ui/android/app/build/intermediates/manifest_merge_blame_file/debug/processDebugMainManifest/manifest-merger-blame-debug-report.txt
1<?xml version="1.0" encoding="utf-8"?>
2<manifest xmlns:android="http://schemas.android.com/apk/res/android"
3    package="com.haphu2512.snapnowmobileui"
4    android:versionCode="1"
5    android:versionName="1.0.0" >
6
7    <uses-sdk
8        android:minSdkVersion="24"
9        android:targetSdkVersion="36" />
10
11    <uses-permission android:name="android.permission.SYSTEM_ALERT_WINDOW" />
11-->src\main\AndroidManifest.xml:6:3-75
11-->src\main\AndroidManifest.xml:6:20-73
12    <uses-permission android:name="android.permission.CAMERA" />
12-->src\main\AndroidManifest.xml:2:3-62
12-->src\main\AndroidManifest.xml:2:20-60
13    <uses-permission android:name="android.permission.INTERNET" />
13-->src\main\AndroidManifest.xml:3:3-64
13-->src\main\AndroidManifest.xml:3:20-62
14    <uses-permission
14-->src\main\AndroidManifest.xml:4:3-77
15        android:name="android.permission.READ_EXTERNAL_STORAGE"
15-->src\main\AndroidManifest.xml:4:20-75
16        android:maxSdkVersion="32" />
16-->[BareExpo:expo.modules.image:3.0.9] AndroidManifest.xml:17:9-35
17    <uses-permission android:name="android.permission.RECORD_AUDIO" />
17-->src\main\AndroidManifest.xml:5:3-68
17-->src\main\AndroidManifest.xml:5:20-66
18    <uses-permission android:name="android.permission.VIBRATE" />
18-->src\main\AndroidManifest.xml:7:3-63
18-->src\main\AndroidManifest.xml:7:20-61
19    <uses-permission android:name="android.permission.WRITE_EXTERNAL_STORAGE" />
19-->src\main\AndroidManifest.xml:8:3-78
19-->src\main\AndroidManifest.xml:8:20-76
20
21    <queries>
21-->src\main\AndroidManifest.xml:9:3-15:13
22        <intent>
22-->src\main\AndroidManifest.xml:10:5-14:14
23            <action android:name="android.intent.action.VIEW" />
23-->src\main\AndroidManifest.xml:11:7-58
23-->src\main\AndroidManifest.xml:11:15-56
24
25            <category android:name="android.intent.category.BROWSABLE" />
25-->src\main\AndroidManifest.xml:12:7-67
25-->src\main\AndroidManifest.xml:12:17-65
26
27            <data android:scheme="https" />
27-->src\main\AndroidManifest.xml:13:7-37
27-->src\main\AndroidManifest.xml:13:13-35
28        </intent>
29        <intent>
29-->[:react-native-webview] AndroidManifest.xml:8:9-10:18
30            <action android:name="org.chromium.intent.action.PAY" />
30-->[:react-native-webview] AndroidManifest.xml:9:13-69
30-->[:react-native-webview] AndroidManifest.xml:9:21-66
31        </intent>
32        <intent>
32-->[:react-native-webview] AndroidManifest.xml:11:9-13:18
33            <action android:name="org.chromium.intent.action.IS_READY_TO_PAY" />
33-->[:react-native-webview] AndroidManifest.xml:12:13-81
33-->[:react-native-webview] AndroidManifest.xml:12:21-78
34        </intent>
35        <intent>
35-->[:react-native-webview] AndroidManifest.xml:14:9-16:18
36            <action android:name="org.chromium.intent.action.UPDATE_PAYMENT_DETAILS" />
36-->[:react-native-webview] AndroidManifest.xml:15:13-88
36-->[:react-native-webview] AndroidManifest.xml:15:21-85
37        </intent>
38
39        <package android:name="host.exp.exponent" /> <!-- Query open documents -->
39-->[:expo-dev-launcher] AndroidManifest.xml:8:9-53
39-->[:expo-dev-launcher] AndroidManifest.xml:8:18-50
40        <intent>
40-->[host.exp.exponent:expo.modules.filesystem:19.0.17] AndroidManifest.xml:15:9-17:18
41            <action android:name="android.intent.action.OPEN_DOCUMENT_TREE" />
41-->[host.exp.exponent:expo.modules.filesystem:19.0.17] AndroidManifest.xml:16:13-79
41-->[host.exp.exponent:expo.modules.filesystem:19.0.17] AndroidManifest.xml:16:21-76
42        </intent>
43        <intent>
43-->[host.exp.exponent:expo.modules.imagepicker:17.0.8] AndroidManifest.xml:15:9-19:18
44
45            <!-- Required for picking images from the camera roll if targeting API 30 -->
46            <action android:name="android.media.action.IMAGE_CAPTURE" />
46-->[host.exp.exponent:expo.modules.imagepicker:17.0.8] AndroidManifest.xml:18:13-73
46-->[host.exp.exponent:expo.modules.imagepicker:17.0.8] AndroidManifest.xml:18:21-70
47        </intent>
48        <intent>
48-->[host.exp.exponent:expo.modules.imagepicker:17.0.8] AndroidManifest.xml:20:9-24:18
49
50            <!-- Required for picking images from the camera if targeting API 30 -->
51            <action android:name="android.media.action.ACTION_VIDEO_CAPTURE" />
51-->[host.exp.exponent:expo.modules.imagepicker:17.0.8] AndroidManifest.xml:23:13-80
51-->[host.exp.exponent:expo.modules.imagepicker:17.0.8] AndroidManifest.xml:23:21-77
52        </intent>
53        <intent>
53-->[host.exp.exponent:expo.modules.webbrowser:15.0.8] AndroidManifest.xml:8:9-12:18
54
55            <!-- Required for opening tabs if targeting API 30 -->
56            <action android:name="android.support.customtabs.action.CustomTabsService" />
56-->[host.exp.exponent:expo.modules.webbrowser:15.0.8] AndroidManifest.xml:11:13-90
56-->[host.exp.exponent:expo.modules.webbrowser:15.0.8] AndroidManifest.xml:11:21-87
57        </intent>
58        <intent>
58-->[androidx.camera:camera-extensions:1.5.0-rc01] AndroidManifest.xml:23:9-25:18
59            <action android:name="androidx.camera.extensions.action.VENDOR_ACTION" />
59-->[androidx.camera:camera-extensions:1.5.0-rc01] AndroidManifest.xml:24:13-86
59-->[androidx.camera:camera-extensions:1.5.0-rc01] AndroidManifest.xml:24:21-83
60        </intent>
61        <intent>
61-->[com.vanniktech:android-image-cropper:4.6.0] AndroidManifest.xml:8:9-14:18
62            <action android:name="android.intent.action.GET_CONTENT" />
62-->[com.vanniktech:android-image-cropper:4.6.0] AndroidManifest.xml:9:13-72
62-->[com.vanniktech:android-image-cropper:4.6.0] AndroidManifest.xml:9:21-69
63
64            <category android:name="android.intent.category.OPENABLE" />
64-->[com.vanniktech:android-image-cropper:4.6.0] AndroidManifest.xml:11:13-73
64-->[com.vanniktech:android-image-cropper:4.6.0] AndroidManifest.xml:11:23-70
65
66            <data android:mimeType="*/*" />
66-->src\main\AndroidManifest.xml:13:7-37
67        </intent>
68    </queries>
69    <!--
70  Allows Glide to monitor connectivity status and restart failed requests if users go from a
71  a disconnected to a connected network state.
72    -->
73    <uses-permission android:name="android.permission.ACCESS_NETWORK_STATE" />
73-->[BareExpo:expo.modules.image:3.0.9] AndroidManifest.xml:12:5-79
73-->[BareExpo:expo.modules.image:3.0.9] AndroidManifest.xml:12:22-76
74
75    <permission
75-->[androidx.core:core:1.16.0] AndroidManifest.xml:22:5-24:47
76        android:name="com.haphu2512.snapnowmobileui.DYNAMIC_RECEIVER_NOT_EXPORTED_PERMISSION"
76-->[androidx.core:core:1.16.0] AndroidManifest.xml:23:9-81
77        android:protectionLevel="signature" />
77-->[androidx.core:core:1.16.0] AndroidManifest.xml:24:9-44
78
79    <uses-permission android:name="com.haphu2512.snapnowmobileui.DYNAMIC_RECEIVER_NOT_EXPORTED_PERMISSION" />
79-->[androidx.core:core:1.16.0] AndroidManifest.xml:26:5-97
79-->[androidx.core:core:1.16.0] AndroidManifest.xml:26:22-94
80
81    <application
81-->src\main\AndroidManifest.xml:16:3-33:17
82        android:name="com.haphu2512.snapnowmobileui.MainApplication"
82-->src\main\AndroidManifest.xml:16:16-47
83        android:allowBackup="true"
83-->src\main\AndroidManifest.xml:16:162-188
84        android:appComponentFactory="androidx.core.app.CoreComponentFactory"
84-->[androidx.core:core:1.16.0] AndroidManifest.xml:28:18-86
85        android:debuggable="true"
86        android:enableOnBackInvokedCallback="false"
86-->src\main\AndroidManifest.xml:16:248-291
87        android:extractNativeLibs="false"
88        android:icon="@mipmap/ic_launcher"
88-->src\main\AndroidManifest.xml:16:81-115
89        android:label="@string/app_name"
89-->src\main\AndroidManifest.xml:16:48-80
90        android:roundIcon="@mipmap/ic_launcher_round"
90-->src\main\AndroidManifest.xml:16:116-161
91        android:supportsRtl="true"
91-->src\main\AndroidManifest.xml:16:221-247
92        android:theme="@style/AppTheme"
92-->src\main\AndroidManifest.xml:16:189-220
93        android:usesCleartextTraffic="true" >
93-->src\debug\AndroidManifest.xml:6:18-53
94        <meta-data
94-->src\main\AndroidManifest.xml:17:5-83
95            android:name="expo.modules.updates.ENABLED"
95-->src\main\AndroidManifest.xml:17:16-59
96            android:value="false" />
96-->src\main\AndroidManifest.xml:17:60-81
97        <meta-data
97-->src\main\AndroidManifest.xml:18:5-105
98            android:name="expo.modules.updates.EXPO_UPDATES_CHECK_ON_LAUNCH"
98-->src\main\AndroidManifest.xml:18:16-80
99            android:value="ALWAYS" />
99-->src\main\AndroidManifest.xml:18:81-103
100        <meta-data
100-->src\main\AndroidManifest.xml:19:5-99
101            android:name="expo.modules.updates.EXPO_UPDATES_LAUNCH_WAIT_MS"
101-->src\main\AndroidManifest.xml:19:16-79
102            android:value="0" />
102-->src\main\AndroidManifest.xml:19:80-97
103
104        <activity
104-->src\main\AndroidManifest.xml:20:5-32:16
105            android:name="com.haphu2512.snapnowmobileui.MainActivity"
105-->src\main\AndroidManifest.xml:20:15-43
106            android:configChanges="keyboard|keyboardHidden|orientation|screenSize|screenLayout|uiMode"
106-->src\main\AndroidManifest.xml:20:44-134
107            android:exported="true"
107-->src\main\AndroidManifest.xml:20:256-279
108            android:launchMode="singleTask"
108-->src\main\AndroidManifest.xml:20:135-166
109            android:screenOrientation="portrait"
109-->src\main\AndroidManifest.xml:20:280-316
110            android:theme="@style/Theme.App.SplashScreen"
110-->src\main\AndroidManifest.xml:20:210-255
111            android:windowSoftInputMode="adjustResize" >
111-->src\main\AndroidManifest.xml:20:167-209
112            <intent-filter>
112-->src\main\AndroidManifest.xml:21:7-24:23
113                <action android:name="android.intent.action.MAIN" />
113-->src\main\AndroidManifest.xml:22:9-60
113-->src\main\AndroidManifest.xml:22:17-58
114
115                <category android:name="android.intent.category.LAUNCHER" />
115-->src\main\AndroidManifest.xml:23:9-68
115-->src\main\AndroidManifest.xml:23:19-66
116            </intent-filter>
117            <intent-filter>
117-->src\main\AndroidManifest.xml:25:7-31:23
118                <action android:name="android.intent.action.VIEW" />
118-->src\main\AndroidManifest.xml:11:7-58
118-->src\main\AndroidManifest.xml:11:15-56
119
120                <category android:name="android.intent.category.DEFAULT" />
120-->src\main\AndroidManifest.xml:27:9-67
120-->src\main\AndroidManifest.xml:27:19-65
121                <category android:name="android.intent.category.BROWSABLE" />
121-->src\main\AndroidManifest.xml:12:7-67
121-->src\main\AndroidManifest.xml:12:17-65
122
123                <data android:scheme="snapnowmobileui" />
123-->src\main\AndroidManifest.xml:13:7-37
123-->src\main\AndroidManifest.xml:13:13-35
124                <data android:scheme="exp+snapnow-mobile-ui" />
124-->src\main\AndroidManifest.xml:13:7-37
124-->src\main\AndroidManifest.xml:13:13-35
125            </intent-filter>
126        </activity>
127
128        <provider
128-->[:react-native-webview] AndroidManifest.xml:20:9-28:20
129            android:name="com.reactnativecommunity.webview.RNCWebViewFileProvider"
129-->[:react-native-webview] AndroidManifest.xml:21:13-83
130            android:authorities="com.haphu2512.snapnowmobileui.fileprovider"
130-->[:react-native-webview] AndroidManifest.xml:22:13-64
131            android:exported="false"
131-->[:react-native-webview] AndroidManifest.xml:23:13-37
132            android:grantUriPermissions="true" >
132-->[:react-native-webview] AndroidManifest.xml:24:13-47
133            <meta-data
133-->[:react-native-webview] AndroidManifest.xml:25:13-27:63
134                android:name="android.support.FILE_PROVIDER_PATHS"
134-->[:react-native-webview] AndroidManifest.xml:26:17-67
135                android:resource="@xml/file_provider_paths" />
135-->[:react-native-webview] AndroidManifest.xml:27:17-60
136        </provider>
137
138        <activity
138-->[:expo-dev-launcher] AndroidManifest.xml:12:9-16:75
139            android:name="expo.modules.devlauncher.launcher.DevLauncherActivity"
139-->[:expo-dev-launcher] AndroidManifest.xml:13:13-81
140            android:exported="true"
140-->[:expo-dev-launcher] AndroidManifest.xml:14:13-36
141            android:launchMode="singleTask"
141-->[:expo-dev-launcher] AndroidManifest.xml:15:13-44
142            android:theme="@style/Theme.AppCompat.DayNight.NoActionBar" />
142-->[:expo-dev-launcher] AndroidManifest.xml:16:13-72
143        <activity
143-->[:expo-dev-launcher] AndroidManifest.xml:17:9-30:20
144            android:name="expo.modules.devlauncher.compose.AuthActivity"
144-->[:expo-dev-launcher] AndroidManifest.xml:18:13-73
145            android:exported="true"
145-->[:expo-dev-launcher] AndroidManifest.xml:19:13-36
146            android:launchMode="singleTask"
146-->[:expo-dev-launcher] AndroidManifest.xml:20:13-44
147            android:theme="@style/Theme.AppCompat.DayNight.NoActionBar" >
147-->[:expo-dev-launcher] AndroidManifest.xml:21:13-72
148            <intent-filter>
148-->[:expo-dev-launcher] AndroidManifest.xml:22:13-29:29
149                <action android:name="android.intent.action.VIEW" />
149-->src\main\AndroidManifest.xml:11:7-58
149-->src\main\AndroidManifest.xml:11:15-56
150
151                <category android:name="android.intent.category.DEFAULT" />
151-->src\main\AndroidManifest.xml:27:9-67
151-->src\main\AndroidManifest.xml:27:19-65
152                <category android:name="android.intent.category.BROWSABLE" />
152-->src\main\AndroidManifest.xml:12:7-67
152-->src\main\AndroidManifest.xml:12:17-65
153
154                <data android:scheme="expo-dev-launcher" />
154-->src\main\AndroidManifest.xml:13:7-37
154-->src\main\AndroidManifest.xml:13:13-35
155            </intent-filter>
156        </activity>
157        <activity
157-->[:expo-dev-launcher] AndroidManifest.xml:31:9-34:70
158            android:name="expo.modules.devlauncher.launcher.errors.DevLauncherErrorActivity"
158-->[:expo-dev-launcher] AndroidManifest.xml:32:13-93
159            android:screenOrientation="portrait"
159-->[:expo-dev-launcher] AndroidManifest.xml:33:13-49
160            android:theme="@style/Theme.DevLauncher.ErrorActivity" />
160-->[:expo-dev-launcher] AndroidManifest.xml:34:13-67
161
162        <meta-data
162-->[:expo-dev-launcher] AndroidManifest.xml:36:9-38:42
163            android:name="com.google.mlkit.vision.DEPENDENCIES"
163-->[:expo-dev-launcher] AndroidManifest.xml:37:13-64
164            android:value="barcode_ui" />
164-->[:expo-dev-launcher] AndroidManifest.xml:38:13-39
165        <meta-data
165-->[:expo-modules-core] AndroidManifest.xml:9:9-11:89
166            android:name="org.unimodules.core.AppLoader#react-native-headless"
166-->[:expo-modules-core] AndroidManifest.xml:10:13-79
167            android:value="expo.modules.adapters.react.apploader.RNHeadlessAppLoader" />
167-->[:expo-modules-core] AndroidManifest.xml:11:13-86
168        <meta-data
168-->[:expo-modules-core] AndroidManifest.xml:12:9-15:45
169            android:name="com.facebook.soloader.enabled"
169-->[:expo-modules-core] AndroidManifest.xml:13:13-57
170            android:value="true" />
170-->[:expo-modules-core] AndroidManifest.xml:14:13-33
171
172        <activity
172-->[com.facebook.react:react-android:0.81.4] AndroidManifest.xml:19:9-21:40
173            android:name="com.facebook.react.devsupport.DevSettingsActivity"
173-->[com.facebook.react:react-android:0.81.4] AndroidManifest.xml:20:13-77
174            android:exported="false" />
174-->[com.facebook.react:react-android:0.81.4] AndroidManifest.xml:21:13-37
175
176        <provider
176-->[host.exp.exponent:expo.modules.clipboard:8.0.7] AndroidManifest.xml:8:9-15:20
177            android:name="expo.modules.clipboard.ClipboardFileProvider"
177-->[host.exp.exponent:expo.modules.clipboard:8.0.7] AndroidManifest.xml:9:13-72
178            android:authorities="com.haphu2512.snapnowmobileui.ClipboardFileProvider"
178-->[host.exp.exponent:expo.modules.clipboard:8.0.7] AndroidManifest.xml:10:13-73
179            android:exported="true" >
179-->[host.exp.exponent:expo.modules.clipboard:8.0.7] AndroidManifest.xml:11:13-36
180            <meta-data
180-->[host.exp.exponent:expo.modules.clipboard:8.0.7] AndroidManifest.xml:12:13-14:68
181                android:name="expo.modules.clipboard.CLIPBOARD_FILE_PROVIDER_PATHS"
181-->[host.exp.exponent:expo.modules.clipboard:8.0.7] AndroidManifest.xml:13:17-84
182                android:resource="@xml/clipboard_provider_paths" />
182-->[host.exp.exponent:expo.modules.clipboard:8.0.7] AndroidManifest.xml:14:17-65
183        </provider>
184        <provider
184-->[host.exp.exponent:expo.modules.filesystem:19.0.17] AndroidManifest.xml:21:9-30:20
185            android:name="expo.modules.filesystem.FileSystemFileProvider"
185-->[host.exp.exponent:expo.modules.filesystem:19.0.17] AndroidManifest.xml:22:13-74
186            android:authorities="com.haphu2512.snapnowmobileui.FileSystemFileProvider"
186-->[host.exp.exponent:expo.modules.filesystem:19.0.17] AndroidManifest.xml:23:13-74
187            android:exported="false"
187-->[host.exp.exponent:expo.modules.filesystem:19.0.17] AndroidManifest.xml:24:13-37
188            android:grantUriPermissions="true" >
188-->[host.exp.exponent:expo.modules.filesystem:19.0.17] AndroidManifest.xml:25:13-47
189            <meta-data
189-->[:react-native-webview] AndroidManifest.xml:25:13-27:63
190                android:name="android.support.FILE_PROVIDER_PATHS"
190-->[:react-native-webview] AndroidManifest.xml:26:17-67
191                android:resource="@xml/file_system_provider_paths" />
191-->[:react-native-webview] AndroidManifest.xml:27:17-60
192        </provider>
193
194        <service
194-->[host.exp.exponent:expo.modules.imagepicker:17.0.8] AndroidManifest.xml:28:9-40:19
195            android:name="com.google.android.gms.metadata.ModuleDependencies"
195-->[host.exp.exponent:expo.modules.imagepicker:17.0.8] AndroidManifest.xml:29:13-78
196            android:enabled="false"
196-->[host.exp.exponent:expo.modules.imagepicker:17.0.8] AndroidManifest.xml:30:13-36
197            android:exported="false" >
197-->[host.exp.exponent:expo.modules.imagepicker:17.0.8] AndroidManifest.xml:31:13-37
198            <intent-filter>
198-->[host.exp.exponent:expo.modules.imagepicker:17.0.8] AndroidManifest.xml:33:13-35:29
199                <action android:name="com.google.android.gms.metadata.MODULE_DEPENDENCIES" />
199-->[host.exp.exponent:expo.modules.imagepicker:17.0.8] AndroidManifest.xml:34:17-94
199-->[host.exp.exponent:expo.modules.imagepicker:17.0.8] AndroidManifest.xml:34:25-91
200            </intent-filter>
201
202            <meta-data
202-->[host.exp.exponent:expo.modules.imagepicker:17.0.8] AndroidManifest.xml:37:13-39:36
203                android:name="photopicker_activity:0:required"
203-->[host.exp.exponent:expo.modules.imagepicker:17.0.8] AndroidManifest.xml:38:17-63
204                android:value="" />
204-->[host.exp.exponent:expo.modules.imagepicker:17.0.8] AndroidManifest.xml:39:17-33
205        </service>
206
207        <activity
207-->[host.exp.exponent:expo.modules.imagepicker:17.0.8] AndroidManifest.xml:42:9-46:48
208            android:name="expo.modules.imagepicker.ExpoCropImageActivity"
208-->[host.exp.exponent:expo.modules.imagepicker:17.0.8] AndroidManifest.xml:43:13-74
209            android:exported="false"
209-->[host.exp.exponent:expo.modules.imagepicker:17.0.8] AndroidManifest.xml:44:13-37
210            android:theme="@style/Base.Theme.AppCompat" /> <!-- https://developer.android.com/guide/topics/manifest/provider-element.html -->
210-->[host.exp.exponent:expo.modules.imagepicker:17.0.8] AndroidManifest.xml:45:13-56
211        <provider
211-->[host.exp.exponent:expo.modules.imagepicker:17.0.8] AndroidManifest.xml:48:9-56:20
212            android:name="expo.modules.imagepicker.fileprovider.ImagePickerFileProvider"
212-->[host.exp.exponent:expo.modules.imagepicker:17.0.8] AndroidManifest.xml:49:13-89
213            android:authorities="com.haphu2512.snapnowmobileui.ImagePickerFileProvider"
213-->[host.exp.exponent:expo.modules.imagepicker:17.0.8] AndroidManifest.xml:50:13-75
214            android:exported="false"
214-->[host.exp.exponent:expo.modules.imagepicker:17.0.8] AndroidManifest.xml:51:13-37
215            android:grantUriPermissions="true" >
215-->[host.exp.exponent:expo.modules.imagepicker:17.0.8] AndroidManifest.xml:52:13-47
216            <meta-data
216-->[:react-native-webview] AndroidManifest.xml:25:13-27:63
217                android:name="android.support.FILE_PROVIDER_PATHS"
217-->[:react-native-webview] AndroidManifest.xml:26:17-67
218                android:resource="@xml/image_picker_provider_paths" />
218-->[:react-native-webview] AndroidManifest.xml:27:17-60
219        </provider>
220
221        <meta-data
221-->[com.github.bumptech.glide:okhttp3-integration:4.11.0] AndroidManifest.xml:11:9-13:43
222            android:name="com.bumptech.glide.integration.okhttp3.OkHttpGlideModule"
222-->[com.github.bumptech.glide:okhttp3-integration:4.11.0] AndroidManifest.xml:12:13-84
223            android:value="GlideModule" />
223-->[com.github.bumptech.glide:okhttp3-integration:4.11.0] AndroidManifest.xml:13:13-40
224
225        <uses-library
225-->[androidx.camera:camera-extensions:1.5.0-rc01] AndroidManifest.xml:29:9-31:40
226            android:name="androidx.camera.extensions.impl"
226-->[androidx.camera:camera-extensions:1.5.0-rc01] AndroidManifest.xml:30:13-59
227            android:required="false" />
227-->[androidx.camera:camera-extensions:1.5.0-rc01] AndroidManifest.xml:31:13-37
228
229        <service
229-->[androidx.camera:camera-camera2:1.5.0-rc01] AndroidManifest.xml:24:9-33:19
230            android:name="androidx.camera.core.impl.MetadataHolderService"
230-->[androidx.camera:camera-camera2:1.5.0-rc01] AndroidManifest.xml:25:13-75
231            android:enabled="false"
231-->[androidx.camera:camera-camera2:1.5.0-rc01] AndroidManifest.xml:26:13-36
232            android:exported="false" >
232-->[androidx.camera:camera-camera2:1.5.0-rc01] AndroidManifest.xml:27:13-37
233            <meta-data
233-->[androidx.camera:camera-camera2:1.5.0-rc01] AndroidManifest.xml:30:13-32:89
234                android:name="androidx.camera.core.impl.MetadataHolderService.DEFAULT_CONFIG_PROVIDER"
234-->[androidx.camera:camera-camera2:1.5.0-rc01] AndroidManifest.xml:31:17-103
235                android:value="androidx.camera.camera2.Camera2Config$DefaultProvider" />
235-->[androidx.camera:camera-camera2:1.5.0-rc01] AndroidManifest.xml:32:17-86
236        </service>
237
238        <provider
238-->[com.vanniktech:android-image-cropper:4.6.0] AndroidManifest.xml:21:9-29:20
239            android:name="com.canhub.cropper.CropFileProvider"
239-->[com.vanniktech:android-image-cropper:4.6.0] AndroidManifest.xml:22:13-63
240            android:authorities="com.haphu2512.snapnowmobileui.cropper.fileprovider"
240-->[com.vanniktech:android-image-cropper:4.6.0] AndroidManifest.xml:23:13-72
241            android:exported="false"
241-->[com.vanniktech:android-image-cropper:4.6.0] AndroidManifest.xml:24:13-37
242            android:grantUriPermissions="true" >
242-->[com.vanniktech:android-image-cropper:4.6.0] AndroidManifest.xml:25:13-47
243            <meta-data
243-->[:react-native-webview] AndroidManifest.xml:25:13-27:63
244                android:name="android.support.FILE_PROVIDER_PATHS"
244-->[:react-native-webview] AndroidManifest.xml:26:17-67
245                android:resource="@xml/library_file_paths" />
245-->[:react-native-webview] AndroidManifest.xml:27:17-60
246        </provider>
247
248        <activity
248-->[com.vanniktech:android-image-cropper:4.6.0] AndroidManifest.xml:31:9-33:39
249            android:name="com.canhub.cropper.CropImageActivity"
249-->[com.vanniktech:android-image-cropper:4.6.0] AndroidManifest.xml:32:13-64
250            android:exported="true" />
250-->[com.vanniktech:android-image-cropper:4.6.0] AndroidManifest.xml:33:13-36
251        <!--
252        This activity is an invisible delegate activity to start scanner activity
253        and receive result, so it's unnecessary to support screen orientation and
254        we can avoid any side effect from activity recreation in any case.
255        -->
256        <activity
256-->[com.google.android.gms:play-services-code-scanner:16.1.0] AndroidManifest.xml:15:9-20:20
257            android:name="com.google.mlkit.vision.codescanner.internal.GmsBarcodeScanningDelegateActivity"
257-->[com.google.android.gms:play-services-code-scanner:16.1.0] AndroidManifest.xml:16:13-107
258            android:exported="false"
258-->[com.google.android.gms:play-services-code-scanner:16.1.0] AndroidManifest.xml:17:13-37
259            android:screenOrientation="portrait" >
259-->[com.google.android.gms:play-services-code-scanner:16.1.0] AndroidManifest.xml:18:13-49
260        </activity>
261
262        <service
262-->[com.google.android.gms:play-services-mlkit-barcode-scanning:18.3.1] AndroidManifest.xml:9:9-15:19
263            android:name="com.google.mlkit.common.internal.MlKitComponentDiscoveryService"
263-->[com.google.android.gms:play-services-mlkit-barcode-scanning:18.3.1] AndroidManifest.xml:10:13-91
264            android:directBootAware="true"
264-->[com.google.mlkit:common:18.11.0] AndroidManifest.xml:17:13-43
265            android:exported="false" >
265-->[com.google.android.gms:play-services-mlkit-barcode-scanning:18.3.1] AndroidManifest.xml:11:13-37
266            <meta-data
266-->[com.google.android.gms:play-services-mlkit-barcode-scanning:18.3.1] AndroidManifest.xml:12:13-14:85
267                android:name="com.google.firebase.components:com.google.mlkit.vision.barcode.internal.BarcodeRegistrar"
267-->[com.google.android.gms:play-services-mlkit-barcode-scanning:18.3.1] AndroidManifest.xml:13:17-120
268                android:value="com.google.firebase.components.ComponentRegistrar" />
268-->[com.google.android.gms:play-services-mlkit-barcode-scanning:18.3.1] AndroidManifest.xml:14:17-82
269            <meta-data
269-->[com.google.mlkit:vision-common:17.3.0] AndroidManifest.xml:12:13-14:85
270                android:name="com.google.firebase.components:com.google.mlkit.vision.common.internal.VisionCommonRegistrar"
270-->[com.google.mlkit:vision-common:17.3.0] AndroidManifest.xml:13:17-124
271                android:value="com.google.firebase.components.ComponentRegistrar" />
271-->[com.google.mlkit:vision-common:17.3.0] AndroidManifest.xml:14:17-82
272            <meta-data
272-->[com.google.mlkit:common:18.11.0] AndroidManifest.xml:20:13-22:85
273                android:name="com.google.firebase.components:com.google.mlkit.common.internal.CommonComponentRegistrar"
273-->[com.google.mlkit:common:18.11.0] AndroidManifest.xml:21:17-120
274                android:value="com.google.firebase.components.ComponentRegistrar" />
274-->[com.google.mlkit:common:18.11.0] AndroidManifest.xml:22:17-82
275        </service>
276
277        <provider
277-->[com.google.mlkit:common:18.11.0] AndroidManifest.xml:9:9-13:38
278            android:name="com.google.mlkit.common.internal.MlKitInitProvider"
278-->[com.google.mlkit:common:18.11.0] AndroidManifest.xml:10:13-78
279            android:authorities="com.haphu2512.snapnowmobileui.mlkitinitprovider"
279-->[com.google.mlkit:common:18.11.0] AndroidManifest.xml:11:13-69
280            android:exported="false"
280-->[com.google.mlkit:common:18.11.0] AndroidManifest.xml:12:13-37
281            android:initOrder="99" />
281-->[com.google.mlkit:common:18.11.0] AndroidManifest.xml:13:13-35
282
283        <activity
283-->[com.google.android.gms:play-services-base:18.5.0] AndroidManifest.xml:5:9-173
284            android:name="com.google.android.gms.common.api.GoogleApiActivity"
284-->[com.google.android.gms:play-services-base:18.5.0] AndroidManifest.xml:5:19-85
285            android:exported="false"
285-->[com.google.android.gms:play-services-base:18.5.0] AndroidManifest.xml:5:146-170
286            android:theme="@android:style/Theme.Translucent.NoTitleBar" />
286-->[com.google.android.gms:play-services-base:18.5.0] AndroidManifest.xml:5:86-145
287
288        <meta-data
288-->[com.google.android.gms:play-services-basement:18.4.0] AndroidManifest.xml:6:9-122
289            android:name="com.google.android.gms.version"
289-->[com.google.android.gms:play-services-basement:18.4.0] AndroidManifest.xml:6:20-65
290            android:value="@integer/google_play_services_version" />
290-->[com.google.android.gms:play-services-basement:18.4.0] AndroidManifest.xml:6:66-119
291
292        <activity
292-->[androidx.compose.ui:ui-tooling-android:1.9.0] AndroidManifest.xml:23:9-25:39
293            android:name="androidx.compose.ui.tooling.PreviewActivity"
293-->[androidx.compose.ui:ui-tooling-android:1.9.0] AndroidManifest.xml:24:13-71
294            android:exported="true" />
294-->[androidx.compose.ui:ui-tooling-android:1.9.0] AndroidManifest.xml:25:13-36
295
296        <provider
296-->[androidx.emoji2:emoji2:1.4.0] AndroidManifest.xml:24:9-32:20
297            android:name="androidx.startup.InitializationProvider"
297-->[androidx.emoji2:emoji2:1.4.0] AndroidManifest.xml:25:13-67
298            android:authorities="com.haphu2512.snapnowmobileui.androidx-startup"
298-->[androidx.emoji2:emoji2:1.4.0] AndroidManifest.xml:26:13-68
299            android:exported="false" >
299-->[androidx.emoji2:emoji2:1.4.0] AndroidManifest.xml:27:13-37
300            <meta-data
300-->[androidx.emoji2:emoji2:1.4.0] AndroidManifest.xml:29:13-31:52
301                android:name="androidx.emoji2.text.EmojiCompatInitializer"
301-->[androidx.emoji2:emoji2:1.4.0] AndroidManifest.xml:30:17-75